<?xml version="1.0" encoding="UTF-8"?>
<testsuite xmlns:xsi="http://www.w3.org/2001/XMLSchema-instance" xsi:noNamespaceSchemaLocation="https://maven.apache.org/surefire/maven-surefire-plugin/xsd/surefire-test-report.xsd" name="tom.Testcalopr" time="0.091" tests="2" errors="0" skipped="0" failures="0">
  <properties>
    <property name="sun.desktop" value="windows"/>
    <property name="awt.toolkit" value="sun.awt.windows.WToolkit"/>
    <property name="file.encoding.pkg" value="sun.io"/>
    <property name="java.specification.version" value="1.8"/>
    <property name="sun.cpu.isalist" value="amd64"/>
    <property name="sun.jnu.encoding" value="Cp1252"/>
    <property name="java.class.path" value="C:\Users\karem\Desktop\TPTESTMaven\Oper-Cal\target\test-classes;C:\Users\karem\Desktop\TPTESTMaven\Oper-Cal\target\classes;C:\Users\karem\.m2\repository\junit\junit\4.11\junit-4.11.jar;C:\Users\karem\.m2\repository\org\hamcrest\hamcrest-core\1.3\hamcrest-core-1.3.jar;"/>
    <property name="java.vm.vendor" value="Oracle Corporation"/>
    <property name="sun.arch.data.model" value="64"/>
    <property name="user.variant" value=""/>
    <property name="java.vendor.url" value="http://java.oracle.com/"/>
    <property name="user.timezone" value="Europe/Paris"/>
    <property name="java.vm.specification.version" value="1.8"/>
    <property name="os.name" value="Windows 10"/>
    <property name="user.country" value="FR"/>
    <property name="sun.java.launcher" value="SUN_STANDARD"/>
    <property name="sun.boot.library.path" value="C:\Program Files (x86)\Devops-Outils-Installation\javaa\bin"/>
    <property name="sun.java.command" value="C:\Users\karem\AppData\Local\Temp\surefire2148968822750805076\surefirebooter2257577379885342905.jar C:\Users\karem\AppData\Local\Temp\surefire2148968822750805076 2019-03-25T13-08-28_696-jvmRun1 surefire1954077514457154029tmp surefire_06186102372645209872tmp"/>
    <property name="surefire.test.class.path" value="C:\Users\karem\Desktop\TPTESTMaven\Oper-Cal\target\test-classes;C:\Users\karem\Desktop\TPTESTMaven\Oper-Cal\target\classes;C:\Users\karem\.m2\repository\junit\junit\4.11\junit-4.11.jar;C:\Users\karem\.m2\repository\org\hamcrest\hamcrest-core\1.3\hamcrest-core-1.3.jar;"/>
    <property name="sun.cpu.endian" value="little"/>
    <property name="user.home" value="C:\Users\karem"/>
    <property name="user.language" value="fr"/>
    <property name="java.specification.vendor" value="Oracle Corporation"/>
    <property name="java.home" value="C:\Program Files (x86)\Devops-Outils-Installation\javaa"/>
    <property name="basedir" value="C:\Users\karem\Desktop\TPTESTMaven\Oper-Cal"/>
    <property name="file.separator" value="\"/>
    <property name="line.separator" value="&#10;"/>
    <property name="java.vm.specification.vendor" value="Oracle Corporation"/>
    <property name="java.specification.name" value="Java Platform API Specification"/>
    <property name="java.awt.graphicsenv" value="sun.awt.Win32GraphicsEnvironment"/>
    <property name="surefire.real.class.path" value="C:\Users\karem\AppData\Local\Temp\surefire2148968822750805076\surefirebooter2257577379885342905.jar"/>
    <property name="sun.boot.class.path" value="C:\Program Files (x86)\Devops-Outils-Installation\javaa\lib\resources.jar;C:\Program Files (x86)\Devops-Outils-Installation\javaa\lib\rt.jar;C:\Program Files (x86)\Devops-Outils-Installation\javaa\lib\sunrsasign.jar;C:\Program Files (x86)\Devops-Outils-Installation\javaa\lib\jsse.jar;C:\Program Files (x86)\Devops-Outils-Installation\javaa\lib\jce.jar;C:\Program Files (x86)\Devops-Outils-Installation\javaa\lib\charsets.jar;C:\Program Files (x86)\Devops-Outils-Installation\javaa\lib\jfr.jar;C:\Program Files (x86)\Devops-Outils-Installation\javaa\classes"/>
    <property name="user.script" value=""/>
    <property name="sun.management.compiler" value="HotSpot 64-Bit Tiered Compilers"/>
    <property name="java.runtime.version" value="1.8.0_201-b09"/>
    <property name="user.name" value="karem"/>
    <property name="path.separator" value=";"/>
    <property name="os.version" value="10.0"/>
    <property name="java.endorsed.dirs" value="C:\Program Files (x86)\Devops-Outils-Installation\javaa\lib\endorsed"/>
    <property name="java.runtime.name" value="Java(TM) SE Runtime Environment"/>
    <property name="file.encoding" value="Cp1252"/>
    <property name="java.vm.name" value="Java HotSpot(TM) 64-Bit Server VM"/>
    <property name="localRepository" value="C:\Users\karem\.m2\repository"/>
    <property name="java.vendor.url.bug" value="http://bugreport.sun.com/bugreport/"/>
    <property name="java.io.tmpdir" value="C:\Users\karem\AppData\Local\Temp\"/>
    <property name="java.version" value="1.8.0_201"/>
    <property name="user.dir" value="C:\Users\karem\Desktop\TPTESTMaven\Oper-Cal"/>
    <property name="os.arch" value="amd64"/>
    <property name="java.vm.specification.name" value="Java Virtual Machine Specification"/>
    <property name="java.awt.printerjob" value="sun.awt.windows.WPrinterJob"/>
    <property name="sun.os.patch.level" value=""/>
    <property name="java.library.path" value="C:\Program Files (x86)\Devops-Outils-Installation\javaa\bin;C:\Windows\Sun\Java\bin;C:\Windows\system32;C:\Windows;C:\Program Files (x86)\Common Files\Oracle\Java\javapath;C:\Windows\system32;C:\Windows;C:\Windows\System32\Wbem;C:\Windows\System32\WindowsPowerShell\v1.0\;C:\Windows\System32\OpenSSH\;C:\Program Files (x86)\NVIDIA Corporation\PhysX\Common;C:\Program Files (x86)\Devops-Outils-Installation\Git\cmd;C:\Program Files (x86)\Devops-Outils-Installation\apache-maven-3.6.0\bin;C:\Program Files (x86)\Devops-Outils-Installation\JAVA\bin;C:\Users\karem\AppData\Local\Microsoft\WindowsApps;;."/>
    <property name="java.vm.info" value="mixed mode"/>
    <property name="java.vendor" value="Oracle Corporation"/>
    <property name="java.vm.version" value="25.201-b09"/>
    <property name="java.ext.dirs" value="C:\Program Files (x86)\Devops-Outils-Installation\javaa\lib\ext;C:\Windows\Sun\Java\lib\ext"/>
    <property name="sun.io.unicode.encoding" value="UnicodeLittle"/>
    <property name="java.class.version" value="52.0"/>
  </properties>
  <testcase name="testsomme" classname="tom.Testcalopr" time="0.012"/>
  <testcase name="testproduit" classname="tom.Testcalopr" time="0.001"/>
</testsuite>